<?xml version="1.0" encoding="UTF-8"?>
<!-- Generated by org.testng.reporters.JUnitReportReporter -->
<testsuite hostname="Sathaga" name="com.pa.tests.LoginTest" tests="2" failures="0" timestamp="10 Feb 2022 17:06:28 GMT" time="30.435" errors="0">
  <testcase name="test02" time="11.207" classname="com.pa.tests.LoginTest"/>
  <testcase name="test01" time="19.228" classname="com.pa.tests.LoginTest"/>
</testsuite> <!-- com.pa.tests.LoginTest -->
